Intel MKL WARNING: Support of Intel(R) Streaming SIMD Extensions 4.2 (Intel(R) SSE4.2) enabled only processors has been deprecated. Intel oneAPI Math Kernel Library 2025.0 will require Intel(R) Advanced Vector Extensions (Intel(R) AVX) instructions.
Intel MKL WARNING: Support of Intel(R) Streaming SIMD Extensions 4.2 (Intel(R) SSE4.2) enabled only processors has been deprecated. Intel oneAPI Math Kernel Library 2025.0 will require Intel(R) Advanced Vector Extensions (Intel(R) AVX) instructions.
===================================
            PICOS 2.5.1            
===================================
Problem type: Second Order Cone Program.
Searching a solution strategy for ECOS via ecos-python.
Solution strategy:
  1. ExtraOptions
  2. ECOSSolver
Skipping ExtraOptions.
Building a ECOS problem instance.
Starting solution search.
-----------------------------------
       Embedded Conic Solver       
          via ecos-python          
-----------------------------------
-------------[ ECOS ]--------------
Solver claims optimal solution for feasible problem.
Applying the solution.
Applied solution is primal feasible.
Search 3.2e-03s, solve 1.1e-01s, overhead 3507%.
=============[ PICOS ]=============
Processing time: 0.1146 seconds
status: optimal
optional value: -1.2825939371563524e-10
optional solution
y:
[ 1.28e-10]
[ 0.00e+00]


ECOS 2.0.10 - (C) embotech GmbH, Zurich Switzerland, 2012-15. Web: www.embotech.com/ECOS

It     pcost       dcost      gap   pres   dres    k/t    mu     step   sigma     IR    |   BT
 0  +4.538e-17  -5.551e-17  +2e-02  3e-03  1e-03  1e+00  5e-01    ---    ---    1  1  - |  -  - 
 1  +2.389e-05  -2.508e-05  +2e-04  4e-05  1e-05  1e-02  6e-03  0.9890  1e-04   1  1  1 |  0  0
 2  +5.266e-07  -5.504e-07  +3e-06  4e-07  1e-07  1e-04  6e-05  0.9890  1e-04   1  1  1 |  0  0
 3  +8.716e-09  -9.096e-09  +4e-08  5e-09  1e-09  1e-06  7e-07  0.9890  1e-04   2  1  1 |  0  0
 4  +1.283e-10  -1.338e-10  +5e-10  5e-11  2e-11  1e-08  8e-09  0.9890  1e-04   2  1  1 |  0  0

OPTIMAL (within feastol=5.1e-11, reltol=nan, abstol=5.2e-10).
Runtime: 0.000126 seconds.

