Welcome to the CBC MILP Solver 
Version: 2.10.3 
Build Date: Dec 15 2019 

command line - /Users/yamauchitakuya/anaconda3/lib/python3.10/site-packages/pulp/solverdir/cbc/osx/64/cbc /var/folders/ww/k54z6fn173d882zm18d9bvt00000gn/T/d633dfa221454cffabc144687d41e8bc-pulp.mps timeMode elapsed branch printingOptions all solution /var/folders/ww/k54z6fn173d882zm18d9bvt00000gn/T/d633dfa221454cffabc144687d41e8bc-pulp.sol (default strategy 1)
At line 2 NAME          MODEL
At line 3 ROWS
At line 10 COLUMNS
At line 45 RHS
At line 51 BOUNDS
At line 53 ENDATA
Problem MODEL has 5 rows, 7 columns and 33 elements
Coin0008I MODEL read with 0 errors
Option for timeMode changed from cpu to elapsed
Presolve 5 (0) rows, 7 (0) columns and 33 (0) elements
0  Obj 0 Primal inf 0.9047617 (2) Dual inf 0.0099999 (1) w.o. free dual inf (0)
3  Obj 0.58148148
Optimal - objective value 0.58148148
Optimal objective 0.5814814815 - 3 iterations time 0.002
Option for printingOptions changed from normal to all
Total time (CPU seconds):       0.00   (Wallclock seconds):       0.00

Status: 1, Optimal
Optimal theta: 0.58148148
lambda1: 0.0
lambda2: 0.2345679
lambda3: 0.0
lambda4: 0.0
lambda5: 0.37037037
lambda6: 0.0
