Welcome to the CBC MILP Solver 
Version: 2.10.3 
Build Date: Dec 15 2019 

command line - /Users/yamauchitakuya/anaconda3/lib/python3.10/site-packages/pulp/solverdir/cbc/osx/64/cbc /var/folders/ww/k54z6fn173d882zm18d9bvt00000gn/T/04a982aa236d48c08858d5ee01534170-pulp.mps max timeMode elapsed branch printingOptions all solution /var/folders/ww/k54z6fn173d882zm18d9bvt00000gn/T/04a982aa236d48c08858d5ee01534170-pulp.sol (default strategy 1)
At line 2 NAME          MODEL
At line 3 ROWS
At line 10 COLUMNS
At line 51 RHS
At line 57 BOUNDS
At line 58 ENDATA
Problem MODEL has 5 rows, 11 columns and 35 elements
Coin0008I MODEL read with 0 errors
Option for timeMode changed from cpu to elapsed
Presolve 5 (0) rows, 11 (0) columns and 35 (0) elements
Perturbing problem by 0.001% of 90 - largest nonzero change 7.1194676e-06 ( 8.9789201e-05%) - largest zero change 5.7629014e-06
0  Obj -0 Primal inf 3.7047614 (5) Dual inf 201.99998 (5)
0  Obj -0 Primal inf 3.7047614 (5) Dual inf 2.4394753e+11 (9)
7  Obj 115.02222
Optimal - objective value 115.02222
Optimal objective 115.0222222 - 7 iterations time 0.002
Option for printingOptions changed from normal to all
Total time (CPU seconds):       0.00   (Wallclock seconds):       0.00

Status: 1, Optimal
Optimal theta: 115.02222278
dx1: 17.777778
dx2: 0.57777778
dx3: 0.0
dy1: 26.666667
dy2: 70.0
lambda1: 0.0
lambda2: 1.1111111
lambda3: 0.0
lambda4: 0.0
lambda5: 0.0
lambda6: 0.0
