Welcome to the CBC MILP Solver 
Version: 2.10.3 
Build Date: Dec 15 2019 

command line - /Users/yamauchitakuya/anaconda3/lib/python3.10/site-packages/pulp/solverdir/cbc/osx/64/cbc /var/folders/ww/k54z6fn173d882zm18d9bvt00000gn/T/3779f8afa9cd4492b7aaca8669ab9006-pulp.mps timeMode elapsed branch printingOptions all solution /var/folders/ww/k54z6fn173d882zm18d9bvt00000gn/T/3779f8afa9cd4492b7aaca8669ab9006-pulp.sol (default strategy 1)
At line 2 NAME          MODEL
At line 3 ROWS
At line 8 COLUMNS
At line 30 RHS
At line 34 BOUNDS
At line 36 ENDATA
Problem MODEL has 3 rows, 7 columns and 20 elements
Coin0008I MODEL read with 0 errors
Option for timeMode changed from cpu to elapsed
Presolve 3 (0) rows, 7 (0) columns and 20 (0) elements
0  Obj 0 Primal inf 0.9999999 (1) Dual inf 0.0099999 (1) w.o. free dual inf (0)
5  Obj 1
Optimal - objective value 1
Optimal objective 1 - 5 iterations time 0.002
Option for printingOptions changed from normal to all
Total time (CPU seconds):       0.00   (Wallclock seconds):       0.00

Status: 1, Optimal
Optimal theta: 1.0
lambda1: 0.0
lambda2: 0.0
lambda3: 1.3333333
lambda4: 0.0
lambda5: 0.0
lambda6: 0.0
