Welcome to the CBC MILP Solver 
Version: 2.10.3 
Build Date: Dec 15 2019 

command line - /Users/yamauchitakuya/anaconda3/lib/python3.10/site-packages/pulp/solverdir/cbc/osx/64/cbc /var/folders/ww/k54z6fn173d882zm18d9bvt00000gn/T/8b81b4db8c934f44a125b17fd00cfa68-pulp.mps max timeMode elapsed branch printingOptions all solution /var/folders/ww/k54z6fn173d882zm18d9bvt00000gn/T/8b81b4db8c934f44a125b17fd00cfa68-pulp.sol (default strategy 1)
At line 2 NAME          MODEL
At line 3 ROWS
At line 8 COLUMNS
At line 33 RHS
At line 37 BOUNDS
At line 38 ENDATA
Problem MODEL has 3 rows, 9 columns and 21 elements
Coin0008I MODEL read with 0 errors
Option for timeMode changed from cpu to elapsed
Presolve 3 (0) rows, 9 (0) columns and 21 (0) elements
Perturbing problem by 0.001% of 16 - largest nonzero change 1.5768199e-06 ( 9.9312298e-06%) - largest zero change 1.4983544e-06
0  Obj -0 Primal inf 1.7499997 (3) Dual inf 35.999996 (3)
0  Obj -0 Primal inf 1.7499997 (3) Dual inf 1.3125e+11 (8)
5  Obj 2.998757e-12
Optimal - objective value 2.998757e-12
Optimal objective 2.998757047e-12 - 5 iterations time 0.002
Option for printingOptions changed from normal to all
Total time (CPU seconds):       0.00   (Wallclock seconds):       0.00

Status: 1, Optimal
Optimal theta: 2.9987568000000006e-12
dx1: -5.9996452e-12
dx2: -3e-12
dy1: 1.1998402e-11
lambda1: 0.0
lambda2: 0.0
lambda3: 1.0
lambda4: 0.0
lambda5: 0.0
lambda6: 0.0
