Welcome to the CBC MILP Solver 
Version: 2.10.3 
Build Date: Dec 15 2019 

command line - /Users/yamauchitakuya/anaconda3/lib/python3.10/site-packages/pulp/solverdir/cbc/osx/64/cbc /var/folders/ww/k54z6fn173d882zm18d9bvt00000gn/T/df3f99fdf49b4910a1647cbdc35981f0-pulp.mps timeMode elapsed branch printingOptions all solution /var/folders/ww/k54z6fn173d882zm18d9bvt00000gn/T/df3f99fdf49b4910a1647cbdc35981f0-pulp.sol (default strategy 1)
At line 2 NAME          MODEL
At line 3 ROWS
At line 9 COLUMNS
At line 37 RHS
At line 42 BOUNDS
At line 44 ENDATA
Problem MODEL has 4 rows, 7 columns and 26 elements
Coin0008I MODEL read with 0 errors
Option for timeMode changed from cpu to elapsed
Presolve 4 (0) rows, 7 (0) columns and 26 (0) elements
0  Obj 0 Primal inf 0.9999998 (2) Dual inf 0.013333233 (1) w.o. free dual inf (0)
3  Obj 0.65625
Optimal - objective value 0.65625
Optimal objective 0.65625 - 3 iterations time 0.002
Option for printingOptions changed from normal to all
Total time (CPU seconds):       0.00   (Wallclock seconds):       0.00

Status: 1, Optimal
Optimal theta: 0.65625
lambda1: 0.0
lambda2: 0.0
lambda3: 0.0
lambda4: 0.46875
lambda5: 0.375
lambda6: 0.0
