Intel MKL WARNING: Support of Intel(R) Streaming SIMD Extensions 4.2 (Intel(R) SSE4.2) enabled only processors has been deprecated. Intel oneAPI Math Kernel Library 2025.0 will require Intel(R) Advanced Vector Extensions (Intel(R) AVX) instructions.
Intel MKL WARNING: Support of Intel(R) Streaming SIMD Extensions 4.2 (Intel(R) SSE4.2) enabled only processors has been deprecated. Intel oneAPI Math Kernel Library 2025.0 will require Intel(R) Advanced Vector Extensions (Intel(R) AVX) instructions.
===================================
            PICOS 2.5.1            
===================================
Problem type: Second Order Cone Program.
Searching a solution strategy for ECOS via ecos-python.
Solution strategy:
  1. ExtraOptions
  2. ECOSSolver
Skipping ExtraOptions.
Building a ECOS problem instance.
Starting solution search.
-----------------------------------
       Embedded Conic Solver       
          via ecos-python          
-----------------------------------
-------------[ ECOS ]--------------
Solver claims optimal solution for feasible problem.
Applying the solution.
Applied solution is primal feasible.
Search 2.6e-03s, solve 1.1e-01s, overhead 4128%.
=============[ PICOS ]=============
Processing time: 0.1104 seconds
終了状態: optimal
目的関数値: -13.47
最適解: {<3×1 Real Variable: x>: [5.247711922070644, -2.2452490570207155, -4.743135786174692]}

ECOS 2.0.10 - (C) embotech GmbH, Zurich Switzerland, 2012-15. Web: www.embotech.com/ECOS

It     pcost       dcost      gap   pres   dres    k/t    mu     step   sigma     IR    |   BT
 0  +1.160e+01  -5.290e+01  +6e+00  9e-04  1e+00  1e+00  1e+00    ---    ---    1  1  - |  -  - 
 1  +2.767e+00  -3.664e+01  +1e+00  7e-04  1e+00  2e+00  3e-01  0.9890  2e-01   1  1  1 |  0  0
 2  -2.715e+00  -7.322e+01  +9e-01  1e-03  3e+00  8e+00  2e-01  0.5406  4e-01   1  1  1 |  0  0
 3  -8.598e+00  -5.216e+01  +6e-01  9e-04  2e+00  5e+00  1e-01  0.5180  3e-01   2  1  1 |  0  0
 4  -1.101e+01  -1.931e+01  +1e-01  2e-04  4e-01  1e+00  2e-02  0.8320  3e-02   2  2  2 |  0  0
 5  -1.295e+01  -1.441e+01  +2e-02  3e-05  7e-02  4e-01  4e-03  0.9426  1e-01   1  1  1 |  0  0
 6  -1.331e+01  -1.359e+01  +3e-03  6e-06  1e-02  7e-02  8e-04  0.8232  2e-02   1  1  1 |  0  0
 7  -1.345e+01  -1.351e+01  +7e-04  1e-06  3e-03  1e-02  2e-04  0.8953  1e-01   1  1  1 |  0  0
 8  -1.347e+01  -1.348e+01  +1e-04  2e-07  5e-04  2e-03  3e-05  0.8270  1e-02   1  1  1 |  0  0
 9  -1.347e+01  -1.347e+01  +3e-05  5e-08  1e-04  6e-04  7e-06  0.9021  1e-01   1  1  1 |  0  0
10  -1.347e+01  -1.347e+01  +5e-06  9e-09  2e-05  1e-04  1e-06  0.8301  1e-02   1  1  1 |  0  0
11  -1.347e+01  -1.347e+01  +9e-07  2e-09  4e-06  2e-05  2e-07  0.9106  1e-01   2  1  1 |  0  0
12  -1.347e+01  -1.347e+01  +2e-07  3e-10  7e-07  4e-06  4e-08  0.8310  1e-02   2  1  1 |  0  0
13  -1.347e+01  -1.347e+01  +3e-08  6e-11  1e-07  7e-07  8e-09  0.9082  1e-01   2  1  1 |  0  0
14  -1.347e+01  -1.347e+01  +6e-09  1e-11  2e-08  1e-07  1e-09  0.8283  2e-02   1  1  1 |  0  0
15  -1.347e+01  -1.347e+01  +1e-09  1e-10  5e-09  2e-08  3e-10  0.9029  1e-01   2  1  1 |  0  0

OPTIMAL (within feastol=4.7e-09, reltol=8.5e-11, abstol=1.2e-09).
Runtime: 0.000196 seconds.

