Intel MKL WARNING: Support of Intel(R) Streaming SIMD Extensions 4.2 (Intel(R) SSE4.2) enabled only processors has been deprecated. Intel oneAPI Math Kernel Library 2025.0 will require Intel(R) Advanced Vector Extensions (Intel(R) AVX) instructions.
Intel MKL WARNING: Support of Intel(R) Streaming SIMD Extensions 4.2 (Intel(R) SSE4.2) enabled only processors has been deprecated. Intel oneAPI Math Kernel Library 2025.0 will require Intel(R) Advanced Vector Extensions (Intel(R) AVX) instructions.
===================================
            PICOS 2.5.1            
===================================
Problem type: Second Order Cone Program.
Searching a solution strategy for ECOS via ecos-python.
Solution strategy:
  1. ExtraOptions
  2. ECOSSolver
Skipping ExtraOptions.
Building a ECOS problem instance.
Starting solution search.
-----------------------------------
       Embedded Conic Solver       
          via ecos-python          
-----------------------------------
-------------[ ECOS ]--------------
Solver claims optimal solution for feasible problem.
Applying the solution.
Applied solution is primal feasible.
Search 4.7e-03s, solve 1.6e-01s, overhead 3185%.
=============[ PICOS ]=============
Processing time: 0.1556 seconds
status: optimal
optional value: -2.3999999996370502
optional solution
x:
[ 8.00e-01]
[ 1.27e-11]
[ 7.64e-11]


ECOS 2.0.10 - (C) embotech GmbH, Zurich Switzerland, 2012-15. Web: www.embotech.com/ECOS

It     pcost       dcost      gap   pres   dres    k/t    mu     step   sigma     IR    |   BT
 0  +8.487e+00  -1.021e+01  +2e+01  5e-03  3e-01  1e+00  3e+00    ---    ---    1  1  - |  -  - 
 1  -1.243e-01  -6.674e+00  +5e+00  2e-03  1e-01  8e-01  8e-01  0.8517  2e-01   2  2  2 |  0  0
 2  -1.998e+00  -3.860e+00  +1e+00  5e-04  3e-02  3e-01  2e-01  0.8327  1e-01   2  2  2 |  0  0
 3  -2.258e+00  -2.562e+00  +2e-01  9e-05  6e-03  6e-02  4e-02  0.8971  7e-02   2  2  2 |  0  0
 4  -2.391e+00  -2.421e+00  +2e-02  9e-06  6e-04  6e-03  4e-03  0.9027  4e-03   1  1  1 |  0  0
 5  -2.399e+00  -2.401e+00  +1e-03  5e-07  3e-05  3e-04  2e-04  0.9890  4e-02   1  2  2 |  0  0
 6  -2.400e+00  -2.400e+00  +8e-05  3e-08  2e-06  2e-05  1e-05  0.9356  6e-04   1  1  1 |  0  0
 7  -2.400e+00  -2.400e+00  +3e-06  1e-09  8e-08  9e-07  5e-07  0.9890  3e-02   1  1  1 |  0  0
 8  -2.400e+00  -2.400e+00  +4e-08  1e-11  1e-09  1e-08  6e-09  0.9889  1e-04   1  1  1 |  0  0
 9  -2.400e+00  -2.400e+00  +6e-10  8e-13  2e-11  2e-10  1e-10  0.9832  1e-04   1  1  1 |  0  0

OPTIMAL (within feastol=1.6e-11, reltol=2.5e-10, abstol=6.0e-10).
Runtime: 0.000257 seconds.

