Intel MKL WARNING: Support of Intel(R) Streaming SIMD Extensions 4.2 (Intel(R) SSE4.2) enabled only processors has been deprecated. Intel oneAPI Math Kernel Library 2025.0 will require Intel(R) Advanced Vector Extensions (Intel(R) AVX) instructions.
Intel MKL WARNING: Support of Intel(R) Streaming SIMD Extensions 4.2 (Intel(R) SSE4.2) enabled only processors has been deprecated. Intel oneAPI Math Kernel Library 2025.0 will require Intel(R) Advanced Vector Extensions (Intel(R) AVX) instructions.
===================================
            PICOS 2.5.1            
===================================
Problem type: Optimization Problem.
Searching a solution strategy for CVXOPT.
Solution strategy:
  1. ExtraOptions
  2. SquaredNormToConicReformulation
  3. CVXOPTSolver
Skipping ExtraOptions.
Applying SquaredNormToConicReformulation.
Building a CVXOPT problem instance.
Starting solution search.
-----------------------------------
 Python Convex Optimization Solver 
    via internal CONELP solver     
-----------------------------------
     pcost       dcost       gap    pres   dres   k/t
 0:  0.0000e+00 -1.0000e+00  2e+00  7e-01  1e+00  1e+00
 1:  2.4073e-02 -7.3250e-03  5e-02  3e-02  4e-02  5e-02
 2:  2.4818e-04 -7.1879e-05  5e-04  3e-04  4e-04  5e-04
 3:  2.4813e-06 -7.1865e-07  5e-06  3e-06  4e-06  5e-06
 4:  2.4813e-08 -7.1865e-09  5e-08  3e-08  4e-08  5e-08
 5:  2.4813e-10 -7.1865e-11  5e-10  3e-10  4e-10  5e-10
Optimal solution found.
------------[ CVXOPT ]-------------
Solver claims optimal solution for feasible problem.
Applying the solution.
Applied solution is primal feasible.
Search 4.6e-03s, solve 6.8e-03s, overhead 46%.
=============[ PICOS ]=============
Processing time: 0.0069 seconds
status: optimal
optional value: 2.481331111083685e-10
optional solution
s: 2.481331111083685e-10 t: 0.0
