Intel MKL WARNING: Support of Intel(R) Streaming SIMD Extensions 4.2 (Intel(R) SSE4.2) enabled only processors has been deprecated. Intel oneAPI Math Kernel Library 2025.0 will require Intel(R) Advanced Vector Extensions (Intel(R) AVX) instructions.
Intel MKL WARNING: Support of Intel(R) Streaming SIMD Extensions 4.2 (Intel(R) SSE4.2) enabled only processors has been deprecated. Intel oneAPI Math Kernel Library 2025.0 will require Intel(R) Advanced Vector Extensions (Intel(R) AVX) instructions.
===================================
            PICOS 2.5.1            
===================================
Problem type: Optimization Problem.
Searching a solution strategy for ECOS via ecos-python.
Solution strategy:
  1. ExtraOptions
  2. SquaredNormToConicReformulation
  3. ECOSSolver
Skipping ExtraOptions.
Applying SquaredNormToConicReformulation.
Building a ECOS problem instance.
Starting solution search.
-----------------------------------
       Embedded Conic Solver       
          via ecos-python          
-----------------------------------
-------------[ ECOS ]--------------
Solver claims optimal solution for feasible problem.
Applying the solution.
Applied solution is primal feasible.
Search 7.1e-03s, solve 1.1e-01s, overhead 1396%.
=============[ PICOS ]=============
Processing time: 0.1069 seconds
status: optimal
optional value: -8.958688359812666e-10
optional solution
s: -8.958688359812666e-10 t: 0.0

ECOS 2.0.10 - (C) embotech GmbH, Zurich Switzerland, 2012-15. Web: www.embotech.com/ECOS

It     pcost       dcost      gap   pres   dres    k/t    mu     step   sigma     IR    |   BT
 0  +7.000e-08  -2.913e-01  +3e+00  4e-01  1e-01  1e+00  2e+00    ---    ---    1  1  - |  -  - 
 1  -6.191e-02  -7.206e-02  +1e-01  3e-02  5e-03  5e-02  1e-01  0.9504  7e-03   1  1  1 |  0  0
 2  -6.630e-04  -7.505e-04  +2e-03  3e-04  5e-05  5e-04  1e-03  0.9890  1e-04   1  2  2 |  0  0
 3  -7.328e-06  -8.279e-06  +2e-05  3e-06  6e-07  6e-06  1e-05  0.9890  1e-04   1  1  1 |  0  0
 4  -8.102e-08  -9.137e-08  +2e-07  4e-08  6e-09  6e-08  2e-07  0.9890  1e-04   1  1  1 |  0  0
 5  -8.959e-10  -1.008e-09  +2e-09  4e-10  7e-11  7e-10  2e-09  0.9890  1e-04   2  1  1 |  0  0

OPTIMAL (within feastol=4.1e-10, reltol=2.4e+00, abstol=2.1e-09).
Runtime: 0.000434 seconds.

