Intel MKL WARNING: Support of Intel(R) Streaming SIMD Extensions 4.2 (Intel(R) SSE4.2) enabled only processors has been deprecated. Intel oneAPI Math Kernel Library 2025.0 will require Intel(R) Advanced Vector Extensions (Intel(R) AVX) instructions.
Intel MKL WARNING: Support of Intel(R) Streaming SIMD Extensions 4.2 (Intel(R) SSE4.2) enabled only processors has been deprecated. Intel oneAPI Math Kernel Library 2025.0 will require Intel(R) Advanced Vector Extensions (Intel(R) AVX) instructions.
===================================
            PICOS 2.5.1            
===================================
Problem type: Optimization Problem.
Searching a solution strategy for QICS.
Solution strategy:
  1. ExtraOptions
  2. SquaredNormToConicReformulation
  3. QICSSolver
Skipping ExtraOptions.
Applying SquaredNormToConicReformulation.
Building a QICS problem instance.
Starting solution search.
-----------------------------------
 Quantum Information Conic Solver  
-----------------------------------
Intel MKL WARNING: Support of Intel(R) Streaming SIMD Extensions 4.2 (Intel(R) SSE4.2) enabled only processors has been deprecated. Intel oneAPI Math Kernel Library 2025.0 will require Intel(R) Advanced Vector Extensions (Intel(R) AVX) instructions.
====================================================================
           QICS v1.0.0 - Quantum Information Conic Solver           
              by K. He, J. Saunderson, H. Fawzi (2024)              
====================================================================
Problem summary:
	no. vars:     2         		barr. par:    2         
	no. constr:   0         		symmetric:    True      
	cone dim:     3         		complex:      False     
	no. cones:    1         		sparse:       False     

Running...-Intel MKL WARNING: Support of Intel(R) Streaming SIMD Extensions 4.2 (Intel(R) SSE4.2) enabled only processors has been deprecated. Intel oneAPI Math Kernel Library 2025.0 will require Intel(R) Advanced Vector Extensions (Intel(R) AVX) instructions.
/Intel MKL WARNING: Support of Intel(R) Streaming SIMD Extensions 4.2 (Intel(R) SSE4.2) enabled only processors has been deprecated. Intel oneAPI Math Kernel Library 2025.0 will require Intel(R) Advanced Vector Extensions (Intel(R) AVX) instructions.
|Intel MKL WARNING: Support of Intel(R) Streaming SIMD Extensions 4.2 (Intel(R) SSE4.2) enabled only processors has been deprecated. Intel oneAPI Math Kernel Library 2025.0 will require Intel(R) Advanced Vector Extensions (Intel(R) AVX) instructions.
\Intel MKL WARNING: Support of Intel(R) Streaming SIMD Extensions 4.2 (Intel(R) SSE4.2) enabled only processors has been deprecated. Intel oneAPI Math Kernel Library 2025.0 will require Intel(R) Advanced Vector Extensions (Intel(R) AVX) instructions.
-

Solution summary
	sol. status:  optimal            	num. iter:    5         
	exit status:  solved             	solve time:   0.007     
	primal obj:  -9.509704484104e-11	primal feas:  1.06e-10
	dual obj:    -8.556833445161e-11	dual feas:    3.74e-11

-------------[ QICS ]--------------
Solver claims optimal solution for feasible problem.
Applying the solution.
Applied solution is primal feasible.
Search 7.3e-03s, solve 4.2e-01s, overhead 5633%.
=============[ PICOS ]=============
Processing time: 0.4167 seconds
status: optimal
optional value: -9.509704484104412e-11
optional solution
s: -9.509704484104412e-11 t: 0.0
